<?xml version="1.0" encoding="UTF-8"?>
<!-- Generated by org.testng.reporters.JUnitReportReporter -->
<testsuite hostname="RASELVAM-54QTQ" failures="0" tests="1" name="com.artifactid.DemoforMaven" time="5.969" errors="0" timestamp="2022-06-20T22:58:14 IST" skipped="0">
  <testcase classname="com.artifactid.DemoforMaven" name="testHello" time="5.969"/>
  <system-out/>
</testsuite> <!-- com.artifactid.DemoforMaven -->
